[2022-01-15 05:17:22,440] INFO: Trainer initialisation: run directory is /content/drive/My Drive/Unet_Tree_Segmentation/VegetSeg_2/models/Full_data_Soft_Dice_Loss_V1
[2022-01-15 05:17:22,446] INFO: Config /content/drive/My Drive/Unet_Tree_Segmentation/VegetSeg_2/configs/main_data_soft_dice_loss.yml copied to run directory
[2022-01-15 05:17:22,523] INFO: Using cuda device, nb_device is 1
[2022-01-15 05:17:24,932] INFO: Dataset UAVid_Dataset instantiated with {'restricted_labels': [1, 2], 'img_size': [2160, 3840], 'normalize': True, 'data_augmentation': True, 'blur_radius_range': [0.2, 2], 'brightness_factor_range': [0.9, 1.1], 'contrast_factor_range': [0.5, 2], 'rotation_angle_range': [-10, 10], 'sampling_ratio_range': [1, 1], 'sampling_max_nb_pixels': 3500000.0, 'transposition_weights': [1.0, 0.0, 0.0, 0.0]}
[2022-01-15 05:17:24,932] INFO: Found 3 classes, 200 train samples, 70 val samples
[2022-01-15 05:17:24,933] INFO: Dataloaders instantiated with batch_size=2 and n_workers=4
[2022-01-15 05:17:36,268] INFO: Using model res_unet18 with kwargs {'norm_layer': {'name': 'instance_norm', 'momentum': 0.1, 'affine': True, 'track_running_stats': False, 'num_groups': 32}, 'conv_as_maxpool': True, 'use_deconv': True}
[2022-01-15 05:17:36,268] INFO: Number of trainable parameters: 14,415,040
[2022-01-15 05:17:36,269] INFO: Using optimizer adam with kwargs {'lr': 0.001, 'weight_decay': 1e-06}
[2022-01-15 05:17:36,269] INFO: Using scheduler multi_step with parameters {'gamma': 0.5, 'milestones': [30, 60, 80]}
[2022-01-15 05:17:36,270] INFO: Using loss SoftDiceLoss()
[2022-01-15 05:17:36,280] INFO: Epoch [1/100], Iter [1/100]: LR updated, lr = [0.001]
[2022-01-15 05:20:06,479] INFO: Trainer initialisation: run directory is /content/drive/My Drive/Unet_Tree_Segmentation/VegetSeg_2/models/Full_data_Soft_Dice_Loss_V1
[2022-01-15 05:20:06,486] INFO: Config /content/drive/My Drive/Unet_Tree_Segmentation/VegetSeg_2/configs/main_data_soft_dice_loss.yml copied to run directory
[2022-01-15 05:20:06,526] INFO: Using cuda device, nb_device is 1
[2022-01-15 05:20:06,784] INFO: Dataset UAVid_Dataset instantiated with {'restricted_labels': [1, 2], 'img_size': [3840, 2160], 'normalize': True, 'data_augmentation': True, 'blur_radius_range': [0.2, 2], 'brightness_factor_range': [0.9, 1.1], 'contrast_factor_range': [0.5, 2], 'rotation_angle_range': [-10, 10], 'sampling_ratio_range': [1, 1], 'sampling_max_nb_pixels': 3500000.0, 'transposition_weights': [1.0, 0.0, 0.0, 0.0]}
[2022-01-15 05:20:06,785] INFO: Found 3 classes, 200 train samples, 70 val samples
[2022-01-15 05:20:06,786] INFO: Dataloaders instantiated with batch_size=2 and n_workers=4
[2022-01-15 05:20:11,560] INFO: Using model res_unet18 with kwargs {'norm_layer': {'name': 'instance_norm', 'momentum': 0.1, 'affine': True, 'track_running_stats': False, 'num_groups': 32}, 'conv_as_maxpool': True, 'use_deconv': True}
[2022-01-15 05:20:11,561] INFO: Number of trainable parameters: 14,415,040
[2022-01-15 05:20:11,561] INFO: Using optimizer adam with kwargs {'lr': 0.001, 'weight_decay': 1e-06}
[2022-01-15 05:20:11,562] INFO: Using scheduler multi_step with parameters {'gamma': 0.5, 'milestones': [30, 60, 80]}
[2022-01-15 05:20:11,562] INFO: Using loss SoftDiceLoss()
[2022-01-15 05:20:11,578] INFO: Epoch [1/100], Iter [1/100]: LR updated, lr = [0.001]
[2022-01-15 05:38:30,624] INFO: Trainer initialisation: run directory is /content/drive/My Drive/Unet_Tree_Segmentation/VegetSeg_2/models/Full_data_Soft_Dice_Loss_V1
[2022-01-15 05:38:30,633] INFO: Config /content/drive/My Drive/Unet_Tree_Segmentation/VegetSeg_2/configs/main_data_soft_dice_loss.yml copied to run directory
[2022-01-15 05:38:30,672] INFO: Using cuda device, nb_device is 1
[2022-01-15 05:38:30,917] INFO: Dataset UAVid_Dataset instantiated with {'restricted_labels': [1, 2], 'img_size': [2160, 3840], 'normalize': True, 'data_augmentation': True, 'blur_radius_range': [0.2, 2], 'brightness_factor_range': [0.9, 1.1], 'contrast_factor_range': [0.5, 2], 'rotation_angle_range': [-10, 10], 'sampling_ratio_range': [1, 1], 'sampling_max_nb_pixels': 3500000.0, 'transposition_weights': [1.0, 0.0, 0.0, 0.0]}
[2022-01-15 05:38:30,917] INFO: Found 3 classes, 200 train samples, 70 val samples
[2022-01-15 05:38:30,918] INFO: Dataloaders instantiated with batch_size=2 and n_workers=4
[2022-01-15 05:38:35,262] INFO: Using model res_unet18 with kwargs {'norm_layer': {'name': 'instance_norm', 'momentum': 0.1, 'affine': True, 'track_running_stats': False, 'num_groups': 32}, 'conv_as_maxpool': True, 'use_deconv': True}
[2022-01-15 05:38:35,263] INFO: Number of trainable parameters: 14,415,040
[2022-01-15 05:38:35,264] INFO: Using optimizer adam with kwargs {'lr': 0.001, 'weight_decay': 1e-06}
[2022-01-15 05:38:35,264] INFO: Using scheduler multi_step with parameters {'gamma': 0.5, 'milestones': [30, 60, 80]}
[2022-01-15 05:38:35,264] INFO: Using loss SoftDiceLoss()
[2022-01-15 05:38:35,275] INFO: Epoch [1/100], Iter [1/100]: LR updated, lr = [0.001]
[2022-01-15 05:43:40,258] INFO: Trainer initialisation: run directory is /content/drive/My Drive/Unet_Tree_Segmentation/VegetSeg_2/models/Full_data_Soft_Dice_Loss_V1
[2022-01-15 05:43:40,266] INFO: Config /content/drive/My Drive/Unet_Tree_Segmentation/VegetSeg_2/configs/main_data_soft_dice_loss.yml copied to run directory
[2022-01-15 05:43:40,305] INFO: Using cuda device, nb_device is 1
[2022-01-15 05:43:40,552] INFO: Dataset UAVid_Dataset instantiated with {'restricted_labels': [1, 2], 'img_size': [2160, 1200], 'normalize': True, 'data_augmentation': True, 'blur_radius_range': [0.2, 2], 'brightness_factor_range': [0.9, 1.1], 'contrast_factor_range': [0.5, 2], 'rotation_angle_range': [-10, 10], 'sampling_ratio_range': [1, 1], 'sampling_max_nb_pixels': 3500000.0, 'transposition_weights': [1.0, 0.0, 0.0, 0.0]}
[2022-01-15 05:43:40,552] INFO: Found 3 classes, 200 train samples, 70 val samples
[2022-01-15 05:43:40,553] INFO: Dataloaders instantiated with batch_size=2 and n_workers=4
[2022-01-15 05:43:44,869] INFO: Using model res_unet18 with kwargs {'norm_layer': {'name': 'instance_norm', 'momentum': 0.1, 'affine': True, 'track_running_stats': False, 'num_groups': 32}, 'conv_as_maxpool': True, 'use_deconv': True}
[2022-01-15 05:43:44,870] INFO: Number of trainable parameters: 14,415,040
[2022-01-15 05:43:44,870] INFO: Using optimizer adam with kwargs {'lr': 0.001, 'weight_decay': 1e-06}
[2022-01-15 05:43:44,871] INFO: Using scheduler multi_step with parameters {'gamma': 0.5, 'milestones': [30, 60, 80]}
[2022-01-15 05:43:44,871] INFO: Using loss SoftDiceLoss()
[2022-01-15 05:43:44,880] INFO: Epoch [1/100], Iter [1/100]: LR updated, lr = [0.001]
[2022-01-15 05:53:05,198] INFO: Trainer initialisation: run directory is /content/drive/My Drive/Unet_Tree_Segmentation/VegetSeg_2/models/Full_data_Soft_Dice_Loss_V1
[2022-01-15 05:53:05,221] INFO: Config /content/drive/My Drive/Unet_Tree_Segmentation/VegetSeg_2/configs/main_data_soft_dice_loss.yml copied to run directory
[2022-01-15 05:53:05,260] INFO: Using cuda device, nb_device is 1
[2022-01-15 05:53:05,507] INFO: Dataset UAVid_Dataset instantiated with {'restricted_labels': [1, 2], 'img_size': [2160, 1200], 'normalize': True, 'data_augmentation': True, 'blur_radius_range': [0.2, 2], 'brightness_factor_range': [0.9, 1.1], 'contrast_factor_range': [0.5, 2], 'rotation_angle_range': [-10, 10], 'sampling_ratio_range': [1, 1], 'sampling_max_nb_pixels': 3500000.0, 'transposition_weights': [1.0, 0.0, 0.0, 0.0]}
[2022-01-15 05:53:05,507] INFO: Found 3 classes, 200 train samples, 70 val samples
[2022-01-15 05:53:05,508] INFO: Dataloaders instantiated with batch_size=2 and n_workers=4
[2022-01-15 05:53:09,810] INFO: Using model res_unet18 with kwargs {'norm_layer': {'name': 'instance_norm', 'momentum': 0.1, 'affine': True, 'track_running_stats': False, 'num_groups': 32}, 'conv_as_maxpool': True, 'use_deconv': True}
[2022-01-15 05:53:09,811] INFO: Number of trainable parameters: 14,415,040
[2022-01-15 05:53:09,812] INFO: Using optimizer adam with kwargs {'lr': 0.001, 'weight_decay': 1e-06}
[2022-01-15 05:53:09,812] INFO: Using scheduler multi_step with parameters {'gamma': 0.5, 'milestones': [30, 60, 80]}
[2022-01-15 05:53:09,812] INFO: Using loss SoftDiceLoss()
[2022-01-15 05:53:09,821] INFO: Epoch [1/100], Iter [1/100]: LR updated, lr = [0.001]
[2022-01-15 05:54:21,592] INFO: Trainer initialisation: run directory is /content/drive/My Drive/Unet_Tree_Segmentation/VegetSeg_2/models/Full_data_Soft_Dice_Loss_V1
[2022-01-15 05:54:21,599] INFO: Config /content/drive/My Drive/Unet_Tree_Segmentation/VegetSeg_2/configs/main_data_soft_dice_loss.yml copied to run directory
[2022-01-15 05:54:21,640] INFO: Using cuda device, nb_device is 1
[2022-01-15 05:54:21,911] INFO: Dataset UAVid_Dataset instantiated with {'restricted_labels': [1, 2], 'img_size': [2160, 1200], 'normalize': True, 'data_augmentation': True, 'blur_radius_range': [0.2, 2], 'brightness_factor_range': [0.9, 1.1], 'contrast_factor_range': [0.5, 2], 'rotation_angle_range': [-10, 10], 'sampling_ratio_range': [1, 1], 'sampling_max_nb_pixels': 3500000.0, 'transposition_weights': [1.0, 0.0, 0.0, 0.0]}
[2022-01-15 05:54:21,912] INFO: Found 3 classes, 200 train samples, 70 val samples
[2022-01-15 05:54:21,912] INFO: Dataloaders instantiated with batch_size=2 and n_workers=4
[2022-01-15 05:54:26,285] INFO: Using model res_unet18 with kwargs {'norm_layer': {'name': 'instance_norm', 'momentum': 0.1, 'affine': True, 'track_running_stats': False, 'num_groups': 32}, 'conv_as_maxpool': True, 'use_deconv': True}
[2022-01-15 05:54:26,286] INFO: Number of trainable parameters: 14,415,040
[2022-01-15 05:54:26,286] INFO: Using optimizer adam with kwargs {'lr': 0.001, 'weight_decay': 1e-06}
[2022-01-15 05:54:26,287] INFO: Using scheduler multi_step with parameters {'gamma': 0.5, 'milestones': [30, 60, 80]}
[2022-01-15 05:54:26,287] INFO: Using loss SoftDiceLoss()
[2022-01-15 05:54:26,296] INFO: Epoch [1/100], Iter [1/100]: LR updated, lr = [0.001]
[2022-01-15 05:55:45,267] INFO: Trainer initialisation: run directory is /content/drive/My Drive/Unet_Tree_Segmentation/VegetSeg_2/models/Full_data_Soft_Dice_Loss_V1
[2022-01-15 05:55:45,273] INFO: Config /content/drive/My Drive/Unet_Tree_Segmentation/VegetSeg_2/configs/main_data_soft_dice_loss.yml copied to run directory
[2022-01-15 05:55:45,312] INFO: Using cuda device, nb_device is 1
[2022-01-15 05:55:45,562] INFO: Dataset UAVid_Dataset instantiated with {'restricted_labels': [1, 2], 'img_size': [2160, 1200], 'normalize': True, 'data_augmentation': True, 'blur_radius_range': [0.2, 2], 'brightness_factor_range': [0.9, 1.1], 'contrast_factor_range': [0.5, 2], 'rotation_angle_range': [-10, 10], 'sampling_ratio_range': [1, 1], 'sampling_max_nb_pixels': 3500000.0, 'transposition_weights': [1.0, 0.0, 0.0, 0.0]}
[2022-01-15 05:55:45,563] INFO: Found 3 classes, 200 train samples, 70 val samples
[2022-01-15 05:55:45,563] INFO: Dataloaders instantiated with batch_size=2 and n_workers=4
[2022-01-15 05:55:49,900] INFO: Using model res_unet18 with kwargs {'norm_layer': {'name': 'instance_norm', 'momentum': 0.1, 'affine': True, 'track_running_stats': False, 'num_groups': 32}, 'conv_as_maxpool': True, 'use_deconv': True}
[2022-01-15 05:55:49,901] INFO: Number of trainable parameters: 14,415,040
[2022-01-15 05:55:49,901] INFO: Using optimizer adam with kwargs {'lr': 0.001, 'weight_decay': 1e-06}
[2022-01-15 05:55:49,902] INFO: Using scheduler multi_step with parameters {'gamma': 0.5, 'milestones': [30, 60, 80]}
[2022-01-15 05:55:49,902] INFO: Using loss SoftDiceLoss()
[2022-01-15 05:55:49,912] INFO: Epoch [1/100], Iter [1/100]: LR updated, lr = [0.001]
[2022-01-15 06:04:50,524] INFO: Trainer initialisation: run directory is /content/drive/My Drive/Unet_Tree_Segmentation/VegetSeg_2/models/Full_data_Soft_Dice_Loss_V1
[2022-01-15 06:04:50,540] INFO: Config /content/drive/My Drive/Unet_Tree_Segmentation/VegetSeg_2/configs/main_data_soft_dice_loss.yml copied to run directory
[2022-01-15 06:04:50,591] INFO: Using cuda device, nb_device is 1
[2022-01-15 06:04:50,841] INFO: Dataset UAVid_Dataset instantiated with {'restricted_labels': [1, 2], 'img_size': [2160, 1200], 'normalize': True, 'data_augmentation': True, 'blur_radius_range': [0.2, 2], 'brightness_factor_range': [0.9, 1.1], 'contrast_factor_range': [0.5, 2], 'rotation_angle_range': [-10, 10], 'sampling_ratio_range': [1, 1], 'sampling_max_nb_pixels': 3500000.0, 'transposition_weights': [1.0, 0.0, 0.0, 0.0]}
[2022-01-15 06:04:50,841] INFO: Found 3 classes, 200 train samples, 70 val samples
[2022-01-15 06:04:50,842] INFO: Dataloaders instantiated with batch_size=2 and n_workers=4
[2022-01-15 06:04:55,154] INFO: Using model res_unet18 with kwargs {'norm_layer': {'name': 'instance_norm', 'momentum': 0.1, 'affine': True, 'track_running_stats': False, 'num_groups': 32}, 'conv_as_maxpool': True, 'use_deconv': True}
[2022-01-15 06:04:55,155] INFO: Number of trainable parameters: 14,415,040
[2022-01-15 06:04:55,155] INFO: Using optimizer adam with kwargs {'lr': 0.001, 'weight_decay': 1e-06}
[2022-01-15 06:04:55,156] INFO: Using scheduler multi_step with parameters {'gamma': 0.5, 'milestones': [30, 60, 80]}
[2022-01-15 06:04:55,156] INFO: Using loss SoftDiceLoss()
[2022-01-15 06:04:55,165] INFO: Epoch [1/100], Iter [1/100]: LR updated, lr = [0.001]
[2022-01-15 06:05:28,810] INFO: Epoch [1/100], Iter [10/100]: train_loss = 0.6058, time/img = 0.8222s
[2022-01-15 06:05:52,490] INFO: Epoch [1/100], Iter [20/100]: train_loss = 0.5471, time/img = 0.8266s
[2022-01-15 06:06:20,025] INFO: Epoch [1/100], Iter [30/100]: train_loss = 0.5175, time/img = 0.8394s
[2022-01-15 06:06:43,887] INFO: Epoch [1/100], Iter [40/100]: train_loss = 0.5031, time/img = 0.8444s
[2022-01-15 06:07:10,457] INFO: Epoch [1/100], Iter [50/100]: train_loss = 0.4791, time/img = 0.8702s
[2022-01-15 06:07:34,970] INFO: Epoch [1/100], Iter [60/100]: train_loss = 0.4304, time/img = 0.8755s
[2022-01-15 06:08:03,157] INFO: Epoch [1/100], Iter [70/100]: train_loss = 0.4296, time/img = 0.8932s
[2022-01-15 06:08:27,458] INFO: Epoch [1/100], Iter [80/100]: train_loss = 0.4215, time/img = 0.9048s
[2022-01-15 06:08:54,737] INFO: Epoch [1/100], Iter [90/100]: train_loss = 0.4287, time/img = 0.9109s
[2022-01-15 06:09:16,413] INFO: Epoch [1/100], Iter [100/100]: train_loss = 0.4121, time/img = 0.8888s
[2022-01-15 06:10:29,510] INFO: Epoch [1/100], Iter [100/100]: val_loss = 0.4178
[2022-01-15 06:10:29,511] INFO: Val metrics: overall_acc = 0.7703, avg_acc = 0.6375, weighted_mean_iou = 0.6437, avg_iou = 0.5086, iou_class_0 = 0.7962, iou_class_1 = 0.2691, iou_class_2 = 0.4604
[2022-01-15 06:10:30,208] INFO: Model saved at /content/drive/My Drive/Unet_Tree_Segmentation/VegetSeg_2/models/Full_data_Soft_Dice_Loss_V1/model.pkl
[2022-01-15 06:11:05,041] INFO: Epoch [2/100], Iter [10/100]: train_loss = 0.3988, time/img = 0.9163s
[2022-01-15 06:11:29,788] INFO: Epoch [2/100], Iter [20/100]: train_loss = 0.4141, time/img = 0.9022s
[2022-01-15 06:11:57,184] INFO: Epoch [2/100], Iter [30/100]: train_loss = 0.3931, time/img = 0.9036s
[2022-01-15 06:12:21,834] INFO: Epoch [2/100], Iter [40/100]: train_loss = 0.3957, time/img = 0.9080s
[2022-01-15 06:12:48,924] INFO: Epoch [2/100], Iter [50/100]: train_loss = 0.3878, time/img = 0.9077s
[2022-01-15 06:13:13,491] INFO: Epoch [2/100], Iter [60/100]: train_loss = 0.3475, time/img = 0.8995s
[2022-01-15 06:13:41,433] INFO: Epoch [2/100], Iter [70/100]: train_loss = 0.3633, time/img = 0.9112s
[2022-01-15 06:14:05,055] INFO: Epoch [2/100], Iter [80/100]: train_loss = 0.3556, time/img = 0.8994s
[2022-01-15 06:14:32,454] INFO: Epoch [2/100], Iter [90/100]: train_loss = 0.3782, time/img = 0.9091s
[2022-01-15 06:14:55,517] INFO: Epoch [2/100], Iter [100/100]: train_loss = 0.3699, time/img = 0.8952s
[2022-01-15 06:15:58,901] INFO: Epoch [2/100], Iter [100/100]: val_loss = 0.3749
[2022-01-15 06:15:58,902] INFO: Val metrics: overall_acc = 0.7791, avg_acc = 0.6584, weighted_mean_iou = 0.6555, avg_iou = 0.5271, iou_class_0 = 0.8015, iou_class_1 = 0.3041, iou_class_2 = 0.4757
[2022-01-15 06:15:59,679] INFO: Model saved at /content/drive/My Drive/Unet_Tree_Segmentation/VegetSeg_2/models/Full_data_Soft_Dice_Loss_V1/model.pkl
[2022-01-15 06:16:34,626] INFO: Epoch [3/100], Iter [10/100]: train_loss = 0.3872, time/img = 0.9132s
[2022-01-15 06:16:59,372] INFO: Epoch [3/100], Iter [20/100]: train_loss = 0.3667, time/img = 0.9079s
[2022-01-15 06:17:26,502] INFO: Epoch [3/100], Iter [30/100]: train_loss = 0.3193, time/img = 0.9048s
[2022-01-15 06:17:50,307] INFO: Epoch [3/100], Iter [40/100]: train_loss = 0.3386, time/img = 0.9070s
[2022-01-15 06:18:17,526] INFO: Epoch [3/100], Iter [50/100]: train_loss = 0.3414, time/img = 0.9026s
[2022-01-15 06:18:41,815] INFO: Epoch [3/100], Iter [60/100]: train_loss = 0.3732, time/img = 0.9021s
[2022-01-15 06:19:09,797] INFO: Epoch [3/100], Iter [70/100]: train_loss = 0.3218, time/img = 0.9065s
[2022-01-15 06:19:33,888] INFO: Epoch [3/100], Iter [80/100]: train_loss = 0.3541, time/img = 0.9040s
[2022-01-15 06:20:01,241] INFO: Epoch [3/100], Iter [90/100]: train_loss = 0.3284, time/img = 0.9100s
[2022-01-15 06:20:24,329] INFO: Epoch [3/100], Iter [100/100]: train_loss = 0.3056, time/img = 0.8950s
[2022-01-15 06:21:28,206] INFO: Epoch [3/100], Iter [100/100]: val_loss = 0.3333
[2022-01-15 06:21:28,208] INFO: Val metrics: overall_acc = 0.8020, avg_acc = 0.6968, weighted_mean_iou = 0.6859, avg_iou = 0.5662, iou_class_0 = 0.8224, iou_class_1 = 0.3602, iou_class_2 = 0.5162
[2022-01-15 06:21:28,936] INFO: Model saved at /content/drive/My Drive/Unet_Tree_Segmentation/VegetSeg_2/models/Full_data_Soft_Dice_Loss_V1/model.pkl
[2022-01-15 06:22:03,050] INFO: Epoch [4/100], Iter [10/100]: train_loss = 0.3494, time/img = 0.9136s
[2022-01-15 06:22:26,612] INFO: Epoch [4/100], Iter [20/100]: train_loss = 0.3086, time/img = 0.9011s
[2022-01-15 06:22:54,197] INFO: Epoch [4/100], Iter [30/100]: train_loss = 0.2934, time/img = 0.9038s
[2022-01-15 06:23:18,875] INFO: Epoch [4/100], Iter [40/100]: train_loss = 0.3212, time/img = 0.9071s
[2022-01-15 06:23:46,427] INFO: Epoch [4/100], Iter [50/100]: train_loss = 0.2842, time/img = 0.9089s
[2022-01-15 06:24:09,925] INFO: Epoch [4/100], Iter [60/100]: train_loss = 0.3317, time/img = 0.9048s
[2022-01-15 06:24:36,976] INFO: Epoch [4/100], Iter [70/100]: train_loss = 0.2938, time/img = 0.9026s
[2022-01-15 06:25:00,643] INFO: Epoch [4/100], Iter [80/100]: train_loss = 0.3076, time/img = 0.9014s
[2022-01-15 06:25:28,006] INFO: Epoch [4/100], Iter [90/100]: train_loss = 0.3233, time/img = 0.9029s
[2022-01-15 06:25:50,780] INFO: Epoch [4/100], Iter [100/100]: train_loss = 0.3282, time/img = 0.8924s
[2022-01-15 06:26:55,022] INFO: Epoch [4/100], Iter [100/100]: val_loss = 0.3383
[2022-01-15 06:26:55,023] INFO: Val metrics: overall_acc = 0.8027, avg_acc = 0.6810, weighted_mean_iou = 0.6832, avg_iou = 0.5584, iou_class_0 = 0.8305, iou_class_1 = 0.3647, iou_class_2 = 0.4801
[2022-01-15 06:26:55,737] INFO: Model saved at /content/drive/My Drive/Unet_Tree_Segmentation/VegetSeg_2/models/Full_data_Soft_Dice_Loss_V1/model.pkl
[2022-01-15 06:27:30,651] INFO: Epoch [5/100], Iter [10/100]: train_loss = 0.2941, time/img = 0.9178s
[2022-01-15 06:27:54,619] INFO: Epoch [5/100], Iter [20/100]: train_loss = 0.3098, time/img = 0.9024s
[2022-01-15 06:28:21,750] INFO: Epoch [5/100], Iter [30/100]: train_loss = 0.2791, time/img = 0.9017s
[2022-01-15 06:28:46,501] INFO: Epoch [5/100], Iter [40/100]: train_loss = 0.3107, time/img = 0.9047s
[2022-01-15 06:29:13,884] INFO: Epoch [5/100], Iter [50/100]: train_loss = 0.3109, time/img = 0.9096s
[2022-01-15 06:29:38,354] INFO: Epoch [5/100], Iter [60/100]: train_loss = 0.3112, time/img = 0.9032s
[2022-01-15 06:30:05,454] INFO: Epoch [5/100], Iter [70/100]: train_loss = 0.2738, time/img = 0.9058s
[2022-01-15 06:30:29,833] INFO: Epoch [5/100], Iter [80/100]: train_loss = 0.3107, time/img = 0.9031s
[2022-01-15 06:30:56,942] INFO: Epoch [5/100], Iter [90/100]: train_loss = 0.3044, time/img = 0.9021s
[2022-01-15 06:31:20,458] INFO: Epoch [5/100], Iter [100/100]: train_loss = 0.2760, time/img = 0.8940s
[2022-01-15 06:32:24,645] INFO: Epoch [5/100], Iter [100/100]: val_loss = 0.3143
[2022-01-15 06:32:24,646] INFO: Val metrics: overall_acc = 0.8090, avg_acc = 0.7428, weighted_mean_iou = 0.6994, avg_iou = 0.5963, iou_class_0 = 0.8183, iou_class_1 = 0.4235, iou_class_2 = 0.5470
[2022-01-15 06:32:25,412] INFO: Model saved at /content/drive/My Drive/Unet_Tree_Segmentation/VegetSeg_2/models/Full_data_Soft_Dice_Loss_V1/model.pkl
[2022-01-15 06:33:00,394] INFO: Epoch [6/100], Iter [10/100]: train_loss = 0.3007, time/img = 0.9152s
[2022-01-15 06:33:24,540] INFO: Epoch [6/100], Iter [20/100]: train_loss = 0.2998, time/img = 0.9038s
[2022-01-15 06:33:50,066] INFO: Epoch [6/100], Iter [30/100]: train_loss = 0.3278, time/img = 0.9037s
[2022-01-15 06:34:14,789] INFO: Epoch [6/100], Iter [40/100]: train_loss = 0.2708, time/img = 0.8978s
[2022-01-15 06:34:41,990] INFO: Epoch [6/100], Iter [50/100]: train_loss = 0.2778, time/img = 0.9080s
[2022-01-15 06:35:06,328] INFO: Epoch [6/100], Iter [60/100]: train_loss = 0.2688, time/img = 0.8977s
[2022-01-15 06:35:33,709] INFO: Epoch [6/100], Iter [70/100]: train_loss = 0.2642, time/img = 0.9096s
[2022-01-15 06:35:56,850] INFO: Epoch [6/100], Iter [80/100]: train_loss = 0.2736, time/img = 0.8938s
[2022-01-15 06:36:24,495] INFO: Epoch [6/100], Iter [90/100]: train_loss = 0.2716, time/img = 0.9084s
[2022-01-15 06:36:47,428] INFO: Epoch [6/100], Iter [100/100]: train_loss = 0.3298, time/img = 0.8899s
[2022-01-15 06:37:50,954] INFO: Epoch [6/100], Iter [100/100]: val_loss = 0.3071
[2022-01-15 06:37:50,955] INFO: Val metrics: overall_acc = 0.8222, avg_acc = 0.7142, weighted_mean_iou = 0.7074, avg_iou = 0.5956, iou_class_0 = 0.8397, iou_class_1 = 0.4237, iou_class_2 = 0.5233
[2022-01-15 06:37:51,716] INFO: Model saved at /content/drive/My Drive/Unet_Tree_Segmentation/VegetSeg_2/models/Full_data_Soft_Dice_Loss_V1/model.pkl
[2022-01-15 06:38:26,712] INFO: Epoch [7/100], Iter [10/100]: train_loss = 0.2946, time/img = 0.9152s
[2022-01-15 06:38:51,308] INFO: Epoch [7/100], Iter [20/100]: train_loss = 0.2790, time/img = 0.9040s
[2022-01-15 06:39:17,727] INFO: Epoch [7/100], Iter [30/100]: train_loss = 0.2536, time/img = 0.9018s
[2022-01-15 06:39:42,705] INFO: Epoch [7/100], Iter [40/100]: train_loss = 0.2452, time/img = 0.9064s
[2022-01-15 06:40:10,658] INFO: Epoch [7/100], Iter [50/100]: train_loss = 0.2865, time/img = 0.9033s
[2022-01-15 06:40:34,838] INFO: Epoch [7/100], Iter [60/100]: train_loss = 0.2494, time/img = 0.9032s
[2022-01-15 06:41:01,120] INFO: Epoch [7/100], Iter [70/100]: train_loss = 0.2667, time/img = 0.9066s
[2022-01-15 06:41:24,985] INFO: Epoch [7/100], Iter [80/100]: train_loss = 0.2911, time/img = 0.9015s
[2022-01-15 06:41:52,297] INFO: Epoch [7/100], Iter [90/100]: train_loss = 0.2473, time/img = 0.9082s
[2022-01-15 06:42:15,545] INFO: Epoch [7/100], Iter [100/100]: train_loss = 0.2790, time/img = 0.8942s
[2022-01-15 06:43:18,298] INFO: Epoch [7/100], Iter [100/100]: val_loss = 0.2904
[2022-01-15 06:43:18,299] INFO: Val metrics: overall_acc = 0.8281, avg_acc = 0.7283, weighted_mean_iou = 0.7213, avg_iou = 0.6046, iou_class_0 = 0.8534, iou_class_1 = 0.4001, iou_class_2 = 0.5604
[2022-01-15 06:43:19,034] INFO: Model saved at /content/drive/My Drive/Unet_Tree_Segmentation/VegetSeg_2/models/Full_data_Soft_Dice_Loss_V1/model.pkl
[2022-01-15 06:43:53,211] INFO: Epoch [8/100], Iter [10/100]: train_loss = 0.2518, time/img = 0.9216s
[2022-01-15 06:44:16,210] INFO: Epoch [8/100], Iter [20/100]: train_loss = 0.2423, time/img = 0.9032s
[2022-01-15 06:44:42,880] INFO: Epoch [8/100], Iter [30/100]: train_loss = 0.2814, time/img = 0.9023s
[2022-01-15 06:45:07,111] INFO: Epoch [8/100], Iter [40/100]: train_loss = 0.2862, time/img = 0.9056s
[2022-01-15 06:45:34,218] INFO: Epoch [8/100], Iter [50/100]: train_loss = 0.2400, time/img = 0.9104s
[2022-01-15 06:45:58,076] INFO: Epoch [8/100], Iter [60/100]: train_loss = 0.2847, time/img = 0.9018s
[2022-01-15 06:46:24,946] INFO: Epoch [8/100], Iter [70/100]: train_loss = 0.2440, time/img = 0.9049s
[2022-01-15 06:46:49,033] INFO: Epoch [8/100], Iter [80/100]: train_loss = 0.2624, time/img = 0.9038s
[2022-01-15 06:47:16,387] INFO: Epoch [8/100], Iter [90/100]: train_loss = 0.2658, time/img = 0.9114s
[2022-01-15 06:47:40,330] INFO: Epoch [8/100], Iter [100/100]: train_loss = 0.2556, time/img = 0.8946s
[2022-01-15 06:48:43,943] INFO: Epoch [8/100], Iter [100/100]: val_loss = 0.2853
[2022-01-15 06:48:43,944] INFO: Val metrics: overall_acc = 0.8322, avg_acc = 0.7187, weighted_mean_iou = 0.7194, avg_iou = 0.6075, iou_class_0 = 0.8514, iou_class_1 = 0.4330, iou_class_2 = 0.5380
[2022-01-15 06:48:44,711] INFO: Model saved at /content/drive/My Drive/Unet_Tree_Segmentation/VegetSeg_2/models/Full_data_Soft_Dice_Loss_V1/model.pkl
[2022-01-15 06:49:19,423] INFO: Epoch [9/100], Iter [10/100]: train_loss = 0.2396, time/img = 0.9184s
[2022-01-15 06:49:43,670] INFO: Epoch [9/100], Iter [20/100]: train_loss = 0.2287, time/img = 0.9062s
[2022-01-15 06:50:10,982] INFO: Epoch [9/100], Iter [30/100]: train_loss = 0.2743, time/img = 0.9054s
[2022-01-15 06:50:35,464] INFO: Epoch [9/100], Iter [40/100]: train_loss = 0.2523, time/img = 0.9044s
[2022-01-15 06:51:01,710] INFO: Epoch [9/100], Iter [50/100]: train_loss = 0.2564, time/img = 0.9053s
[2022-01-15 06:51:25,694] INFO: Epoch [9/100], Iter [60/100]: train_loss = 0.2506, time/img = 0.9028s
[2022-01-15 06:51:52,263] INFO: Epoch [9/100], Iter [70/100]: train_loss = 0.2471, time/img = 0.9104s
[2022-01-15 06:52:16,944] INFO: Epoch [9/100], Iter [80/100]: train_loss = 0.2521, time/img = 0.9041s
[2022-01-15 06:52:43,699] INFO: Epoch [9/100], Iter [90/100]: train_loss = 0.2281, time/img = 0.9027s
[2022-01-15 06:53:07,108] INFO: Epoch [9/100], Iter [100/100]: train_loss = 0.2437, time/img = 0.8943s
[2022-01-15 06:54:11,025] INFO: Epoch [9/100], Iter [100/100]: val_loss = 0.2819
[2022-01-15 06:54:11,026] INFO: Val metrics: overall_acc = 0.8399, avg_acc = 0.7248, weighted_mean_iou = 0.7305, avg_iou = 0.6167, iou_class_0 = 0.8599, iou_class_1 = 0.4195, iou_class_2 = 0.5707
[2022-01-15 06:54:11,765] INFO: Model saved at /content/drive/My Drive/Unet_Tree_Segmentation/VegetSeg_2/models/Full_data_Soft_Dice_Loss_V1/model.pkl
[2022-01-15 06:54:45,929] INFO: Epoch [10/100], Iter [10/100]: train_loss = 0.2328, time/img = 0.9099s
[2022-01-15 06:55:10,495] INFO: Epoch [10/100], Iter [20/100]: train_loss = 0.2377, time/img = 0.9031s
[2022-01-15 06:55:37,225] INFO: Epoch [10/100], Iter [30/100]: train_loss = 0.2587, time/img = 0.9059s
[2022-01-15 06:56:00,749] INFO: Epoch [10/100], Iter [40/100]: train_loss = 0.2234, time/img = 0.9031s
[2022-01-15 06:56:28,610] INFO: Epoch [10/100], Iter [50/100]: train_loss = 0.2322, time/img = 0.9040s
[2022-01-15 06:56:53,173] INFO: Epoch [10/100], Iter [60/100]: train_loss = 0.2504, time/img = 0.9040s
[2022-01-15 06:57:20,735] INFO: Epoch [10/100], Iter [70/100]: train_loss = 0.2467, time/img = 0.9063s
[2022-01-15 06:57:45,472] INFO: Epoch [10/100], Iter [80/100]: train_loss = 0.2284, time/img = 0.9087s
[2022-01-15 06:58:12,668] INFO: Epoch [10/100], Iter [90/100]: train_loss = 0.2275, time/img = 0.9032s
[2022-01-15 06:58:35,984] INFO: Epoch [10/100], Iter [100/100]: train_loss = 0.2382, time/img = 0.8934s
[2022-01-15 06:59:39,331] INFO: Epoch [10/100], Iter [100/100]: val_loss = 0.2845
[2022-01-15 06:59:39,332] INFO: Val metrics: overall_acc = 0.8368, avg_acc = 0.7328, weighted_mean_iou = 0.7292, avg_iou = 0.6178, iou_class_0 = 0.8573, iou_class_1 = 0.4299, iou_class_2 = 0.5661
[2022-01-15 06:59:40,086] INFO: Model saved at /content/drive/My Drive/Unet_Tree_Segmentation/VegetSeg_2/models/Full_data_Soft_Dice_Loss_V1/model.pkl
[2022-01-15 07:00:13,415] INFO: Epoch [11/100], Iter [10/100]: train_loss = 0.2252, time/img = 0.9164s
[2022-01-15 07:00:37,837] INFO: Epoch [11/100], Iter [20/100]: train_loss = 0.2524, time/img = 0.9059s
[2022-01-15 07:01:04,517] INFO: Epoch [11/100], Iter [30/100]: train_loss = 0.2822, time/img = 0.9062s
[2022-01-15 07:01:28,905] INFO: Epoch [11/100], Iter [40/100]: train_loss = 0.2859, time/img = 0.9062s
[2022-01-15 07:01:56,346] INFO: Epoch [11/100], Iter [50/100]: train_loss = 0.2481, time/img = 0.9037s
[2022-01-15 07:02:20,927] INFO: Epoch [11/100], Iter [60/100]: train_loss = 0.2361, time/img = 0.8986s
[2022-01-15 07:02:48,183] INFO: Epoch [11/100], Iter [70/100]: train_loss = 0.2187, time/img = 0.8988s
[2022-01-15 07:03:12,146] INFO: Epoch [11/100], Iter [80/100]: train_loss = 0.2206, time/img = 0.8993s
[2022-01-15 07:03:39,738] INFO: Epoch [11/100], Iter [90/100]: train_loss = 0.2507, time/img = 0.9073s
[2022-01-15 07:04:02,262] INFO: Epoch [11/100], Iter [100/100]: train_loss = 0.2288, time/img = 0.8914s
[2022-01-15 07:05:05,292] INFO: Epoch [11/100], Iter [100/100]: val_loss = 0.2676
[2022-01-15 07:05:05,293] INFO: Val metrics: overall_acc = 0.8464, avg_acc = 0.7514, weighted_mean_iou = 0.7466, avg_iou = 0.6341, iou_class_0 = 0.8737, iou_class_1 = 0.4352, iou_class_2 = 0.5932
[2022-01-15 07:05:06,055] INFO: Model saved at /content/drive/My Drive/Unet_Tree_Segmentation/VegetSeg_2/models/Full_data_Soft_Dice_Loss_V1/model.pkl
[2022-01-15 07:05:41,195] INFO: Epoch [12/100], Iter [10/100]: train_loss = 0.2376, time/img = 0.9183s
[2022-01-15 07:06:05,449] INFO: Epoch [12/100], Iter [20/100]: train_loss = 0.2277, time/img = 0.9080s
[2022-01-15 07:06:32,921] INFO: Epoch [12/100], Iter [30/100]: train_loss = 0.2259, time/img = 0.9062s
[2022-01-15 07:06:57,091] INFO: Epoch [12/100], Iter [40/100]: train_loss = 0.2296, time/img = 0.9031s
[2022-01-15 07:07:24,492] INFO: Epoch [12/100], Iter [50/100]: train_loss = 0.2130, time/img = 0.9032s
[2022-01-15 07:07:48,851] INFO: Epoch [12/100], Iter [60/100]: train_loss = 0.1894, time/img = 0.9049s
[2022-01-15 07:08:15,840] INFO: Epoch [12/100], Iter [70/100]: train_loss = 0.2485, time/img = 0.9101s
[2022-01-15 07:08:40,192] INFO: Epoch [12/100], Iter [80/100]: train_loss = 0.2392, time/img = 0.9038s
[2022-01-15 07:09:07,360] INFO: Epoch [12/100], Iter [90/100]: train_loss = 0.2293, time/img = 0.9082s
[2022-01-15 07:09:31,779] INFO: Epoch [12/100], Iter [100/100]: train_loss = 0.2296, time/img = 0.8951s
[2022-01-15 07:10:35,140] INFO: Epoch [12/100], Iter [100/100]: val_loss = 0.2598
[2022-01-15 07:10:35,142] INFO: Val metrics: overall_acc = 0.8510, avg_acc = 0.7802, weighted_mean_iou = 0.7525, avg_iou = 0.6561, iou_class_0 = 0.8688, iou_class_1 = 0.5159, iou_class_2 = 0.5836
[2022-01-15 07:10:35,858] INFO: Model saved at /content/drive/My Drive/Unet_Tree_Segmentation/VegetSeg_2/models/Full_data_Soft_Dice_Loss_V1/model.pkl
[2022-01-15 07:11:10,657] INFO: Epoch [13/100], Iter [10/100]: train_loss = 0.2039, time/img = 0.9170s
[2022-01-15 07:11:34,726] INFO: Epoch [13/100], Iter [20/100]: train_loss = 0.2252, time/img = 0.9050s
[2022-01-15 07:12:02,403] INFO: Epoch [13/100], Iter [30/100]: train_loss = 0.2063, time/img = 0.9038s
[2022-01-15 07:12:27,079] INFO: Epoch [13/100], Iter [40/100]: train_loss = 0.2423, time/img = 0.9070s
[2022-01-15 07:12:53,891] INFO: Epoch [13/100], Iter [50/100]: train_loss = 0.2442, time/img = 0.9085s
[2022-01-15 07:13:16,843] INFO: Epoch [13/100], Iter [60/100]: train_loss = 0.2141, time/img = 0.8982s
[2022-01-15 07:13:44,255] INFO: Epoch [13/100], Iter [70/100]: train_loss = 0.2019, time/img = 0.9012s
[2022-01-15 07:14:08,597] INFO: Epoch [13/100], Iter [80/100]: train_loss = 0.2214, time/img = 0.9089s
[2022-01-15 07:14:35,918] INFO: Epoch [13/100], Iter [90/100]: train_loss = 0.2636, time/img = 0.9066s
[2022-01-15 07:14:58,970] INFO: Epoch [13/100], Iter [100/100]: train_loss = 0.2271, time/img = 0.8939s
[2022-01-15 07:16:01,851] INFO: Epoch [13/100], Iter [100/100]: val_loss = 0.2496
[2022-01-15 07:16:01,852] INFO: Val metrics: overall_acc = 0.8577, avg_acc = 0.7673, weighted_mean_iou = 0.7583, avg_iou = 0.6598, iou_class_0 = 0.8737, iou_class_1 = 0.5037, iou_class_2 = 0.6019
[2022-01-15 07:16:02,590] INFO: Model saved at /content/drive/My Drive/Unet_Tree_Segmentation/VegetSeg_2/models/Full_data_Soft_Dice_Loss_V1/model.pkl
[2022-01-15 07:16:37,328] INFO: Epoch [14/100], Iter [10/100]: train_loss = 0.1976, time/img = 0.9148s
[2022-01-15 07:17:01,068] INFO: Epoch [14/100], Iter [20/100]: train_loss = 0.2085, time/img = 0.9005s
[2022-01-15 07:17:26,881] INFO: Epoch [14/100], Iter [30/100]: train_loss = 0.2342, time/img = 0.9038s
[2022-01-15 07:17:51,535] INFO: Epoch [14/100], Iter [40/100]: train_loss = 0.2067, time/img = 0.9055s
[2022-01-15 07:18:18,725] INFO: Epoch [14/100], Iter [50/100]: train_loss = 0.1988, time/img = 0.9077s
[2022-01-15 07:18:42,659] INFO: Epoch [14/100], Iter [60/100]: train_loss = 0.2026, time/img = 0.9057s
[2022-01-15 07:19:10,084] INFO: Epoch [14/100], Iter [70/100]: train_loss = 0.2106, time/img = 0.9077s
[2022-01-15 07:19:34,060] INFO: Epoch [14/100], Iter [80/100]: train_loss = 0.2254, time/img = 0.9034s
[2022-01-15 07:20:00,172] INFO: Epoch [14/100], Iter [90/100]: train_loss = 0.2339, time/img = 0.9081s
[2022-01-15 07:20:22,319] INFO: Epoch [14/100], Iter [100/100]: train_loss = 0.2521, time/img = 0.8916s
[2022-01-15 07:21:24,874] INFO: Epoch [14/100], Iter [100/100]: val_loss = 0.2723
[2022-01-15 07:21:24,875] INFO: Val metrics: overall_acc = 0.8463, avg_acc = 0.7306, weighted_mean_iou = 0.7375, avg_iou = 0.6277, iou_class_0 = 0.8615, iou_class_1 = 0.4343, iou_class_2 = 0.5874
[2022-01-15 07:21:25,599] INFO: Model saved at /content/drive/My Drive/Unet_Tree_Segmentation/VegetSeg_2/models/Full_data_Soft_Dice_Loss_V1/model.pkl
[2022-01-15 07:21:59,585] INFO: Epoch [15/100], Iter [10/100]: train_loss = 0.2019, time/img = 0.9112s
[2022-01-15 07:22:23,545] INFO: Epoch [15/100], Iter [20/100]: train_loss = 0.2095, time/img = 0.9013s
[2022-01-15 07:22:49,948] INFO: Epoch [15/100], Iter [30/100]: train_loss = 0.2022, time/img = 0.9002s
[2022-01-15 07:23:14,195] INFO: Epoch [15/100], Iter [40/100]: train_loss = 0.2199, time/img = 0.9112s
[2022-01-15 07:23:40,822] INFO: Epoch [15/100], Iter [50/100]: train_loss = 0.1917, time/img = 0.9047s
[2022-01-15 07:24:05,792] INFO: Epoch [15/100], Iter [60/100]: train_loss = 0.2197, time/img = 0.8987s
[2022-01-15 07:24:34,022] INFO: Epoch [15/100], Iter [70/100]: train_loss = 0.2131, time/img = 0.9056s
[2022-01-15 07:24:58,458] INFO: Epoch [15/100], Iter [80/100]: train_loss = 0.2213, time/img = 0.9005s
[2022-01-15 07:25:25,614] INFO: Epoch [15/100], Iter [90/100]: train_loss = 0.2075, time/img = 0.9093s
[2022-01-15 07:25:47,468] INFO: Epoch [15/100], Iter [100/100]: train_loss = 0.1776, time/img = 0.8918s
[2022-01-15 07:26:50,436] INFO: Epoch [15/100], Iter [100/100]: val_loss = 0.2426
[2022-01-15 07:26:50,437] INFO: Val metrics: overall_acc = 0.8603, avg_acc = 0.7825, weighted_mean_iou = 0.7636, avg_iou = 0.6718, iou_class_0 = 0.8726, iou_class_1 = 0.5317, iou_class_2 = 0.6111
[2022-01-15 07:26:51,183] INFO: Model saved at /content/drive/My Drive/Unet_Tree_Segmentation/VegetSeg_2/models/Full_data_Soft_Dice_Loss_V1/model.pkl
[2022-01-15 07:27:26,107] INFO: Epoch [16/100], Iter [10/100]: train_loss = 0.2020, time/img = 0.9142s
[2022-01-15 07:27:50,202] INFO: Epoch [16/100], Iter [20/100]: train_loss = 0.2006, time/img = 0.9024s
[2022-01-15 07:28:17,996] INFO: Epoch [16/100], Iter [30/100]: train_loss = 0.2006, time/img = 0.9035s
[2022-01-15 07:28:42,454] INFO: Epoch [16/100], Iter [40/100]: train_loss = 0.2013, time/img = 0.9076s
[2022-01-15 07:29:09,942] INFO: Epoch [16/100], Iter [50/100]: train_loss = 0.2132, time/img = 0.9080s
[2022-01-15 07:29:33,446] INFO: Epoch [16/100], Iter [60/100]: train_loss = 0.1845, time/img = 0.9015s
[2022-01-15 07:30:00,368] INFO: Epoch [16/100], Iter [70/100]: train_loss = 0.2065, time/img = 0.9059s
[2022-01-15 07:30:24,663] INFO: Epoch [16/100], Iter [80/100]: train_loss = 0.2437, time/img = 0.9038s
[2022-01-15 07:30:51,160] INFO: Epoch [16/100], Iter [90/100]: train_loss = 0.2186, time/img = 0.9081s
[2022-01-15 07:31:14,004] INFO: Epoch [16/100], Iter [100/100]: train_loss = 0.2019, time/img = 0.8936s
[2022-01-15 07:32:17,484] INFO: Epoch [16/100], Iter [100/100]: val_loss = 0.2481
[2022-01-15 07:32:17,485] INFO: Val metrics: overall_acc = 0.8629, avg_acc = 0.7752, weighted_mean_iou = 0.7646, avg_iou = 0.6710, iou_class_0 = 0.8744, iou_class_1 = 0.5230, iou_class_2 = 0.6158
[2022-01-15 07:32:18,229] INFO: Model saved at /content/drive/My Drive/Unet_Tree_Segmentation/VegetSeg_2/models/Full_data_Soft_Dice_Loss_V1/model.pkl
[2022-01-15 07:32:51,657] INFO: Epoch [17/100], Iter [10/100]: train_loss = 0.1977, time/img = 0.9146s
[2022-01-15 07:33:15,950] INFO: Epoch [17/100], Iter [20/100]: train_loss = 0.2001, time/img = 0.9023s
[2022-01-15 07:33:42,901] INFO: Epoch [17/100], Iter [30/100]: train_loss = 0.2241, time/img = 0.9052s
[2022-01-15 07:34:07,646] INFO: Epoch [17/100], Iter [40/100]: train_loss = 0.2005, time/img = 0.9072s
[2022-01-15 07:34:34,496] INFO: Epoch [17/100], Iter [50/100]: train_loss = 0.2152, time/img = 0.9046s
[2022-01-15 07:34:58,696] INFO: Epoch [17/100], Iter [60/100]: train_loss = 0.2245, time/img = 0.8984s
[2022-01-15 07:35:25,503] INFO: Epoch [17/100], Iter [70/100]: train_loss = 0.2296, time/img = 0.9084s
[2022-01-15 07:35:49,703] INFO: Epoch [17/100], Iter [80/100]: train_loss = 0.1975, time/img = 0.9062s
[2022-01-15 07:36:17,249] INFO: Epoch [17/100], Iter [90/100]: train_loss = 0.1890, time/img = 0.9097s
[2022-01-15 07:36:40,648] INFO: Epoch [17/100], Iter [100/100]: train_loss = 0.2031, time/img = 0.8930s
[2022-01-15 07:37:44,051] INFO: Epoch [17/100], Iter [100/100]: val_loss = 0.2483
[2022-01-15 07:37:44,052] INFO: Val metrics: overall_acc = 0.8598, avg_acc = 0.7905, weighted_mean_iou = 0.7651, avg_iou = 0.6718, iou_class_0 = 0.8750, iou_class_1 = 0.5266, iou_class_2 = 0.6139
[2022-01-15 07:37:44,797] INFO: Model saved at /content/drive/My Drive/Unet_Tree_Segmentation/VegetSeg_2/models/Full_data_Soft_Dice_Loss_V1/model.pkl
[2022-01-15 07:38:19,123] INFO: Epoch [18/100], Iter [10/100]: train_loss = 0.1898, time/img = 0.9176s
[2022-01-15 07:38:43,556] INFO: Epoch [18/100], Iter [20/100]: train_loss = 0.1845, time/img = 0.9043s
[2022-01-15 07:39:10,250] INFO: Epoch [18/100], Iter [30/100]: train_loss = 0.2023, time/img = 0.9046s
[2022-01-15 07:39:34,900] INFO: Epoch [18/100], Iter [40/100]: train_loss = 0.1966, time/img = 0.9068s
[2022-01-15 07:40:02,040] INFO: Epoch [18/100], Iter [50/100]: train_loss = 0.2036, time/img = 0.9054s
[2022-01-15 07:40:25,969] INFO: Epoch [18/100], Iter [60/100]: train_loss = 0.1975, time/img = 0.9040s
[2022-01-15 07:40:54,022] INFO: Epoch [18/100], Iter [70/100]: train_loss = 0.2050, time/img = 0.9029s
[2022-01-15 07:41:18,308] INFO: Epoch [18/100], Iter [80/100]: train_loss = 0.2153, time/img = 0.9030s
[2022-01-15 07:41:44,891] INFO: Epoch [18/100], Iter [90/100]: train_loss = 0.2040, time/img = 0.9077s
[2022-01-15 07:42:08,329] INFO: Epoch [18/100], Iter [100/100]: train_loss = 0.2175, time/img = 0.8942s
[2022-01-15 07:43:11,204] INFO: Epoch [18/100], Iter [100/100]: val_loss = 0.2547
[2022-01-15 07:43:11,205] INFO: Val metrics: overall_acc = 0.8525, avg_acc = 0.7562, weighted_mean_iou = 0.7499, avg_iou = 0.6484, iou_class_0 = 0.8682, iou_class_1 = 0.4842, iou_class_2 = 0.5929
[2022-01-15 07:43:11,936] INFO: Model saved at /content/drive/My Drive/Unet_Tree_Segmentation/VegetSeg_2/models/Full_data_Soft_Dice_Loss_V1/model.pkl
[2022-01-15 07:43:46,100] INFO: Epoch [19/100], Iter [10/100]: train_loss = 0.1925, time/img = 0.9193s
[2022-01-15 07:44:10,225] INFO: Epoch [19/100], Iter [20/100]: train_loss = 0.1941, time/img = 0.9052s
[2022-01-15 07:44:37,605] INFO: Epoch [19/100], Iter [30/100]: train_loss = 0.1869, time/img = 0.9021s
[2022-01-15 07:45:01,580] INFO: Epoch [19/100], Iter [40/100]: train_loss = 0.2378, time/img = 0.9082s
[2022-01-15 07:45:28,453] INFO: Epoch [19/100], Iter [50/100]: train_loss = 0.1879, time/img = 0.9061s
[2022-01-15 07:45:51,491] INFO: Epoch [19/100], Iter [60/100]: train_loss = 0.2033, time/img = 0.9068s
[2022-01-15 07:46:17,933] INFO: Epoch [19/100], Iter [70/100]: train_loss = 0.1973, time/img = 0.9019s
[2022-01-15 07:46:41,633] INFO: Epoch [19/100], Iter [80/100]: train_loss = 0.1940, time/img = 0.8999s
[2022-01-15 07:47:08,436] INFO: Epoch [19/100], Iter [90/100]: train_loss = 0.1991, time/img = 0.9038s
[2022-01-15 07:47:32,061] INFO: Epoch [19/100], Iter [100/100]: train_loss = 0.1924, time/img = 0.8952s
[2022-01-15 07:48:35,062] INFO: Epoch [19/100], Iter [100/100]: val_loss = 0.2363
[2022-01-15 07:48:35,063] INFO: Val metrics: overall_acc = 0.8672, avg_acc = 0.7830, weighted_mean_iou = 0.7741, avg_iou = 0.6758, iou_class_0 = 0.8850, iou_class_1 = 0.5021, iou_class_2 = 0.6403
[2022-01-15 07:48:35,801] INFO: Model saved at /content/drive/My Drive/Unet_Tree_Segmentation/VegetSeg_2/models/Full_data_Soft_Dice_Loss_V1/model.pkl
[2022-01-15 07:49:10,696] INFO: Epoch [20/100], Iter [10/100]: train_loss = 0.1839, time/img = 0.9166s
[2022-01-15 07:49:34,985] INFO: Epoch [20/100], Iter [20/100]: train_loss = 0.1790, time/img = 0.9060s
[2022-01-15 07:50:02,267] INFO: Epoch [20/100], Iter [30/100]: train_loss = 0.1771, time/img = 0.9042s
[2022-01-15 07:50:26,012] INFO: Epoch [20/100], Iter [40/100]: train_loss = 0.1764, time/img = 0.9083s
[2022-01-15 07:50:52,822] INFO: Epoch [20/100], Iter [50/100]: train_loss = 0.2047, time/img = 0.8990s
[2022-01-15 07:51:16,935] INFO: Epoch [20/100], Iter [60/100]: train_loss = 0.1697, time/img = 0.9058s
[2022-01-15 07:51:43,250] INFO: Epoch [20/100], Iter [70/100]: train_loss = 0.1952, time/img = 0.9087s
[2022-01-15 07:52:07,310] INFO: Epoch [20/100], Iter [80/100]: train_loss = 0.1696, time/img = 0.9018s
[2022-01-15 07:52:34,626] INFO: Epoch [20/100], Iter [90/100]: train_loss = 0.1995, time/img = 0.9062s
[2022-01-15 07:52:57,129] INFO: Epoch [20/100], Iter [100/100]: train_loss = 0.1894, time/img = 0.8947s
[2022-01-15 07:53:59,360] INFO: Epoch [20/100], Iter [100/100]: val_loss = 0.2395
[2022-01-15 07:53:59,361] INFO: Val metrics: overall_acc = 0.8642, avg_acc = 0.7920, weighted_mean_iou = 0.7706, avg_iou = 0.6775, iou_class_0 = 0.8803, iou_class_1 = 0.5319, iou_class_2 = 0.6204
[2022-01-15 07:54:00,110] INFO: Model saved at /content/drive/My Drive/Unet_Tree_Segmentation/VegetSeg_2/models/Full_data_Soft_Dice_Loss_V1/model.pkl
[2022-01-15 07:54:34,622] INFO: Epoch [21/100], Iter [10/100]: train_loss = 0.1741, time/img = 0.9174s
[2022-01-15 07:54:58,611] INFO: Epoch [21/100], Iter [20/100]: train_loss = 0.1786, time/img = 0.9034s
[2022-01-15 07:55:24,833] INFO: Epoch [21/100], Iter [30/100]: train_loss = 0.2018, time/img = 0.9035s
[2022-01-15 07:55:48,947] INFO: Epoch [21/100], Iter [40/100]: train_loss = 0.1635, time/img = 0.9075s
[2022-01-15 07:56:15,955] INFO: Epoch [21/100], Iter [50/100]: train_loss = 0.1830, time/img = 0.9063s
[2022-01-15 07:56:40,267] INFO: Epoch [21/100], Iter [60/100]: train_loss = 0.1826, time/img = 0.9005s
[2022-01-15 07:57:07,254] INFO: Epoch [21/100], Iter [70/100]: train_loss = 0.2244, time/img = 0.9057s
[2022-01-15 07:57:31,487] INFO: Epoch [21/100], Iter [80/100]: train_loss = 0.1736, time/img = 0.9021s
[2022-01-15 07:57:57,978] INFO: Epoch [21/100], Iter [90/100]: train_loss = 0.1716, time/img = 0.9053s
[2022-01-15 07:58:21,780] INFO: Epoch [21/100], Iter [100/100]: train_loss = 0.1897, time/img = 0.8902s
[2022-01-15 07:59:24,238] INFO: Epoch [21/100], Iter [100/100]: val_loss = 0.2399
[2022-01-15 07:59:24,239] INFO: Val metrics: overall_acc = 0.8681, avg_acc = 0.7817, weighted_mean_iou = 0.7729, avg_iou = 0.6790, iou_class_0 = 0.8795, iou_class_1 = 0.5147, iou_class_2 = 0.6428
[2022-01-15 07:59:24,971] INFO: Model saved at /content/drive/My Drive/Unet_Tree_Segmentation/VegetSeg_2/models/Full_data_Soft_Dice_Loss_V1/model.pkl
[2022-01-15 07:59:59,296] INFO: Epoch [22/100], Iter [10/100]: train_loss = 0.1732, time/img = 0.9139s
[2022-01-15 08:00:23,451] INFO: Epoch [22/100], Iter [20/100]: train_loss = 0.1724, time/img = 0.9087s
[2022-01-15 08:00:51,005] INFO: Epoch [22/100], Iter [30/100]: train_loss = 0.1784, time/img = 0.9025s
[2022-01-15 08:01:14,643] INFO: Epoch [22/100], Iter [40/100]: train_loss = 0.1923, time/img = 0.9023s
[2022-01-15 08:01:41,578] INFO: Epoch [22/100], Iter [50/100]: train_loss = 0.2000, time/img = 0.9061s
[2022-01-15 08:02:05,791] INFO: Epoch [22/100], Iter [60/100]: train_loss = 0.1855, time/img = 0.9050s
[2022-01-15 08:02:33,008] INFO: Epoch [22/100], Iter [70/100]: train_loss = 0.1966, time/img = 0.9098s
[2022-01-15 08:02:56,620] INFO: Epoch [22/100], Iter [80/100]: train_loss = 0.1873, time/img = 0.9009s
[2022-01-15 08:03:24,399] INFO: Epoch [22/100], Iter [90/100]: train_loss = 0.1885, time/img = 0.9015s
[2022-01-15 08:03:47,860] INFO: Epoch [22/100], Iter [100/100]: train_loss = 0.1855, time/img = 0.8964s
[2022-01-15 08:04:51,417] INFO: Epoch [22/100], Iter [100/100]: val_loss = 0.2489
[2022-01-15 08:04:51,418] INFO: Val metrics: overall_acc = 0.8602, avg_acc = 0.7591, weighted_mean_iou = 0.7601, avg_iou = 0.6577, iou_class_0 = 0.8770, iou_class_1 = 0.4821, iou_class_2 = 0.6139
[2022-01-15 08:04:52,143] INFO: Model saved at /content/drive/My Drive/Unet_Tree_Segmentation/VegetSeg_2/models/Full_data_Soft_Dice_Loss_V1/model.pkl
[2022-01-15 08:05:26,979] INFO: Epoch [23/100], Iter [10/100]: train_loss = 0.1714, time/img = 0.9116s
[2022-01-15 08:05:51,369] INFO: Epoch [23/100], Iter [20/100]: train_loss = 0.1582, time/img = 0.8970s
[2022-01-15 08:06:18,247] INFO: Epoch [23/100], Iter [30/100]: train_loss = 0.1684, time/img = 0.9099s
[2022-01-15 08:06:42,395] INFO: Epoch [23/100], Iter [40/100]: train_loss = 0.1646, time/img = 0.8989s
[2022-01-15 08:07:09,250] INFO: Epoch [23/100], Iter [50/100]: train_loss = 0.1862, time/img = 0.9041s
[2022-01-15 08:07:33,726] INFO: Epoch [23/100], Iter [60/100]: train_loss = 0.1770, time/img = 0.9059s
[2022-01-15 08:08:00,740] INFO: Epoch [23/100], Iter [70/100]: train_loss = 0.1728, time/img = 0.9104s
[2022-01-15 08:08:24,617] INFO: Epoch [23/100], Iter [80/100]: train_loss = 0.1804, time/img = 0.9032s
[2022-01-15 08:08:51,930] INFO: Epoch [23/100], Iter [90/100]: train_loss = 0.1964, time/img = 0.9079s
[2022-01-15 08:09:14,939] INFO: Epoch [23/100], Iter [100/100]: train_loss = 0.1838, time/img = 0.8891s
[2022-01-15 08:10:18,255] INFO: Epoch [23/100], Iter [100/100]: val_loss = 0.2400
[2022-01-15 08:10:18,256] INFO: Val metrics: overall_acc = 0.8668, avg_acc = 0.7835, weighted_mean_iou = 0.7729, avg_iou = 0.6770, iou_class_0 = 0.8834, iou_class_1 = 0.5161, iou_class_2 = 0.6314
[2022-01-15 08:10:19,008] INFO: Model saved at /content/drive/My Drive/Unet_Tree_Segmentation/VegetSeg_2/models/Full_data_Soft_Dice_Loss_V1/model.pkl
[2022-01-15 08:10:53,932] INFO: Epoch [24/100], Iter [10/100]: train_loss = 0.1593, time/img = 0.9145s
[2022-01-15 08:11:17,984] INFO: Epoch [24/100], Iter [20/100]: train_loss = 0.1647, time/img = 0.9041s
[2022-01-15 08:11:44,588] INFO: Epoch [24/100], Iter [30/100]: train_loss = 0.1713, time/img = 0.9002s
[2022-01-15 08:12:08,911] INFO: Epoch [24/100], Iter [40/100]: train_loss = 0.1628, time/img = 0.9041s
[2022-01-15 08:12:36,229] INFO: Epoch [24/100], Iter [50/100]: train_loss = 0.1906, time/img = 0.8984s
[2022-01-15 08:13:00,924] INFO: Epoch [24/100], Iter [60/100]: train_loss = 0.1672, time/img = 0.8997s
[2022-01-15 08:13:27,236] INFO: Epoch [24/100], Iter [70/100]: train_loss = 0.1912, time/img = 0.9006s
[2022-01-15 08:13:50,623] INFO: Epoch [24/100], Iter [80/100]: train_loss = 0.1884, time/img = 0.8937s
[2022-01-15 08:14:16,702] INFO: Epoch [24/100], Iter [90/100]: train_loss = 0.1901, time/img = 0.8933s
[2022-01-15 08:14:39,501] INFO: Epoch [24/100], Iter [100/100]: train_loss = 0.1693, time/img = 0.8931s
[2022-01-15 08:15:43,143] INFO: Epoch [24/100], Iter [100/100]: val_loss = 0.2362
[2022-01-15 08:15:43,144] INFO: Val metrics: overall_acc = 0.8675, avg_acc = 0.7945, weighted_mean_iou = 0.7744, avg_iou = 0.6837, iou_class_0 = 0.8819, iou_class_1 = 0.5441, iou_class_2 = 0.6250
[2022-01-15 08:15:43,899] INFO: Model saved at /content/drive/My Drive/Unet_Tree_Segmentation/VegetSeg_2/models/Full_data_Soft_Dice_Loss_V1/model.pkl
[2022-01-15 08:16:19,174] INFO: Epoch [25/100], Iter [10/100]: train_loss = 0.1743, time/img = 0.9181s
[2022-01-15 08:16:43,321] INFO: Epoch [25/100], Iter [20/100]: train_loss = 0.1658, time/img = 0.9044s
[2022-01-15 08:17:10,460] INFO: Epoch [25/100], Iter [30/100]: train_loss = 0.1900, time/img = 0.9016s
[2022-01-15 08:17:34,570] INFO: Epoch [25/100], Iter [40/100]: train_loss = 0.1723, time/img = 0.9089s
[2022-01-15 08:18:01,112] INFO: Epoch [25/100], Iter [50/100]: train_loss = 0.1698, time/img = 0.9037s
